2025-10-07T05:30:44: Initialized 2 default devices
2025-10-07T05:30:48: Initialized 2 default devices
2025-10-07T05:30:53: Initialized 2 default devices
2025-10-07T05:30:53: 
2025-10-07T05:30:58: Initialized 2 default devices
2025-10-07T05:31:03: Initialized 2 default devices
2025-10-07T05:31:08: Initialized 2 default devices
2025-10-07T05:31:08: [Device 1] Listener error:
2025-10-07T05:31:08: Failed to auto-start listeners:  'charmap' codec can't encode character '\U0001f449' in position 0: character maps to <undefined>'charmap' codec can't encode character '\U0001f680' in position 0: character maps to <undefined>
2025-10-07T05:31:08: 
2025-10-07T05:31:13: Initialized 2 default devices
2025-10-07T05:31:13: 
2025-10-07T05:31:13: [Device 1] Listener error:
2025-10-07T05:31:13:  Failed to auto-start listeners:'charmap' codec can't encode character '\U0001f449' in position 0: character maps to <undefined> 
2025-10-07T05:31:13: 'charmap' codec can't encode character '\U0001f680' in position 0: character maps to <undefined>
2025-10-07T05:31:17: Initialized 2 default devices
2025-10-07T05:31:17: [Device 1] Listener error: 'charmap' codec can't encode character '\U0001f449' in position 0: character maps to <undefined>
2025-10-07T05:31:17: Failed to auto-start listeners:
2025-10-07T05:31:17:  'charmap' codec can't encode character '\U0001f680' in position 0: character maps to <undefined>
2025-10-07T05:31:22: Initialized 2 default devices
2025-10-07T05:31:22: Failed to auto-start listeners: 'charmap' codec can't encode character '\U0001f680' in position 0: character maps to <undefined>
2025-10-07T05:31:22: [Device 1] Listener error:
2025-10-07T05:31:22:  'charmap' codec can't encode character '\U0001f449' in position 0: character maps to <undefined>
2025-10-07T05:31:27: Initialized 2 default devices
2025-10-07T05:31:27: [Device 1] Listener error: 'charmap' codec can't encode character '\U0001f449' in position 0: character maps to <undefined>
2025-10-07T05:31:27: Failed to auto-start listeners: 'charmap' codec can't encode character '\U0001f680' in position 0: character maps to <undefined>
2025-10-07T05:31:27: 
2025-10-07T05:31:31: Initialized 2 default devices
2025-10-07T05:31:31: [Device 1] Listener error:Failed to auto-start listeners:
2025-10-07T05:31:31:   'charmap' codec can't encode character '\U0001f449' in position 0: character maps to <undefined>'charmap' codec can't encode character '\U0001f680' in position 0: character maps to <undefined>
2025-10-07T05:31:31: 
2025-10-07T05:31:36: Initialized 2 default devices
2025-10-07T05:31:36: [Device 1] Listener error:
2025-10-07T05:31:36: Failed to auto-start listeners:  'charmap' codec can't encode character '\U0001f449' in position 0: character maps to <undefined>'charmap' codec can't encode character '\U0001f680' in position 0: character maps to <undefined>
2025-10-07T05:31:36: 
