2025-10-07T05:31:44: Traceback (most recent call last):
2025-10-07T05:31:44:   File "C:\Program Files\fingerPrintSystem\listener.py", line 986, in <module>
2025-10-07T05:31:44:     print(f"\U0001f680 Flask API running on http://{FLASK_HOST}:{FLASK_PORT}")
2025-10-07T05:31:44:     ~~~~~^^^^^^^^^^^^^^^^^^^^^^^^^^^^^^^^^^^^^^^^^^^^^^^^^^^^^^^^^^^^^
2025-10-07T05:31:44:   File "C:\Users\crazy mouse\AppData\Local\Programs\Python\Python313\Lib\encodings\cp1256.py", line 19, in encode
2025-10-07T05:31:44:     return codecs.charmap_encode(input,self.errors,encoding_table)[0]
2025-10-07T05:31:44:            ~~~~~~~~~~~~~~~~~~~~~^^^^^^^^^^^^^^^^^^^^^^^^^^^^^^^^^^
2025-10-07T05:31:44: UnicodeEncodeError: 'charmap' codec can't encode character '\U0001f680' in position 0: character maps to <undefined>
2025-10-07T05:31:49: Traceback (most recent call last):
2025-10-07T05:31:49:   File "C:\Program Files\fingerPrintSystem\listener.py", line 986, in <module>
2025-10-07T05:31:49:     print(f"\U0001f680 Flask API running on http://{FLASK_HOST}:{FLASK_PORT}")
2025-10-07T05:31:49:     ~~~~~^^^^^^^^^^^^^^^^^^^^^^^^^^^^^^^^^^^^^^^^^^^^^^^^^^^^^^^^^^^^^
2025-10-07T05:31:49:   File "C:\Users\crazy mouse\AppData\Local\Programs\Python\Python313\Lib\encodings\cp1256.py", line 19, in encode
2025-10-07T05:31:49:     return codecs.charmap_encode(input,self.errors,encoding_table)[0]
2025-10-07T05:31:49:            ~~~~~~~~~~~~~~~~~~~~~^^^^^^^^^^^^^^^^^^^^^^^^^^^^^^^^^^
2025-10-07T05:31:49: UnicodeEncodeError: 'charmap' codec can't encode character '\U0001f680' in position 0: character maps to <undefined>
2025-10-07T05:31:53: Traceback (most recent call last):
2025-10-07T05:31:53:   File "C:\Program Files\fingerPrintSystem\listener.py", line 986, in <module>
2025-10-07T05:31:53:     print(f"\U0001f680 Flask API running on http://{FLASK_HOST}:{FLASK_PORT}")
2025-10-07T05:31:53:     ~~~~~^^^^^^^^^^^^^^^^^^^^^^^^^^^^^^^^^^^^^^^^^^^^^^^^^^^^^^^^^^^^^
2025-10-07T05:31:53:   File "C:\Users\crazy mouse\AppData\Local\Programs\Python\Python313\Lib\encodings\cp1256.py", line 19, in encode
2025-10-07T05:31:53:     return codecs.charmap_encode(input,self.errors,encoding_table)[0]
2025-10-07T05:31:53:            ~~~~~~~~~~~~~~~~~~~~~^^^^^^^^^^^^^^^^^^^^^^^^^^^^^^^^^^
2025-10-07T05:31:53: UnicodeEncodeError: 'charmap' codec can't encode character '\U0001f680' in position 0: character maps to <undefined>
2025-10-07T05:31:58: Traceback (most recent call last):
2025-10-07T05:31:58:   File "C:\Program Files\fingerPrintSystem\listener.py", line 986, in <module>
2025-10-07T05:31:58:     print(f"\U0001f680 Flask API running on http://{FLASK_HOST}:{FLASK_PORT}")
2025-10-07T05:31:58:     ~~~~~^^^^^^^^^^^^^^^^^^^^^^^^^^^^^^^^^^^^^^^^^^^^^^^^^^^^^^^^^^^^^
2025-10-07T05:31:58:   File "C:\Users\crazy mouse\AppData\Local\Programs\Python\Python313\Lib\encodings\cp1256.py", line 19, in encode
2025-10-07T05:31:58:     return codecs.charmap_encode(input,self.errors,encoding_table)[0]
2025-10-07T05:31:58:            ~~~~~~~~~~~~~~~~~~~~~^^^^^^^^^^^^^^^^^^^^^^^^^^^^^^^^^^
2025-10-07T05:31:58: UnicodeEncodeError: 'charmap' codec can't encode character '\U0001f680' in position 0: character maps to <undefined>
2025-10-07T05:32:03: Traceback (most recent call last):
2025-10-07T05:32:03:   File "C:\Program Files\fingerPrintSystem\listener.py", line 986, in <module>
2025-10-07T05:32:03:     print(f"\U0001f680 Flask API running on http://{FLASK_HOST}:{FLASK_PORT}")
2025-10-07T05:32:03:     ~~~~~^^^^^^^^^^^^^^^^^^^^^^^^^^^^^^^^^^^^^^^^^^^^^^^^^^^^^^^^^^^^^
2025-10-07T05:32:03:   File "C:\Users\crazy mouse\AppData\Local\Programs\Python\Python313\Lib\encodings\cp1256.py", line 19, in encode
2025-10-07T05:32:03:     return codecs.charmap_encode(input,self.errors,encoding_table)[0]
2025-10-07T05:32:03:            ~~~~~~~~~~~~~~~~~~~~~^^^^^^^^^^^^^^^^^^^^^^^^^^^^^^^^^^
2025-10-07T05:32:03: UnicodeEncodeError: 'charmap' codec can't encode character '\U0001f680' in position 0: character maps to <undefined>
2025-10-07T05:32:07: Traceback (most recent call last):
2025-10-07T05:32:07:   File "C:\Program Files\fingerPrintSystem\listener.py", line 986, in <module>
2025-10-07T05:32:07:     print(f"\U0001f680 Flask API running on http://{FLASK_HOST}:{FLASK_PORT}")
2025-10-07T05:32:07:     ~~~~~^^^^^^^^^^^^^^^^^^^^^^^^^^^^^^^^^^^^^^^^^^^^^^^^^^^^^^^^^^^^^
2025-10-07T05:32:07:   File "C:\Users\crazy mouse\AppData\Local\Programs\Python\Python313\Lib\encodings\cp1256.py", line 19, in encode
2025-10-07T05:32:07:     return codecs.charmap_encode(input,self.errors,encoding_table)[0]
2025-10-07T05:32:07:            ~~~~~~~~~~~~~~~~~~~~~^^^^^^^^^^^^^^^^^^^^^^^^^^^^^^^^^^
2025-10-07T05:32:07: UnicodeEncodeError: 'charmap' codec can't encode character '\U0001f680' in position 0: character maps to <undefined>
2025-10-07T05:32:12: Traceback (most recent call last):
2025-10-07T05:32:12:   File "C:\Program Files\fingerPrintSystem\listener.py", line 986, in <module>
2025-10-07T05:32:12:     print(f"\U0001f680 Flask API running on http://{FLASK_HOST}:{FLASK_PORT}")
2025-10-07T05:32:12:     ~~~~~^^^^^^^^^^^^^^^^^^^^^^^^^^^^^^^^^^^^^^^^^^^^^^^^^^^^^^^^^^^^^
2025-10-07T05:32:12:   File "C:\Users\crazy mouse\AppData\Local\Programs\Python\Python313\Lib\encodings\cp1256.py", line 19, in encode
2025-10-07T05:32:12:     return codecs.charmap_encode(input,self.errors,encoding_table)[0]
2025-10-07T05:32:12:            ~~~~~~~~~~~~~~~~~~~~~^^^^^^^^^^^^^^^^^^^^^^^^^^^^^^^^^^
2025-10-07T05:32:12: UnicodeEncodeError: 'charmap' codec can't encode character '\U0001f680' in position 0: character maps to <undefined>
2025-10-07T05:32:17: Traceback (most recent call last):
2025-10-07T05:32:17:   File "C:\Program Files\fingerPrintSystem\listener.py", line 986, in <module>
2025-10-07T05:32:17:     print(f"\U0001f680 Flask API running on http://{FLASK_HOST}:{FLASK_PORT}")
2025-10-07T05:32:17:     ~~~~~^^^^^^^^^^^^^^^^^^^^^^^^^^^^^^^^^^^^^^^^^^^^^^^^^^^^^^^^^^^^^
2025-10-07T05:32:17:   File "C:\Users\crazy mouse\AppData\Local\Programs\Python\Python313\Lib\encodings\cp1256.py", line 19, in encode
2025-10-07T05:32:17:     return codecs.charmap_encode(input,self.errors,encoding_table)[0]
2025-10-07T05:32:17:            ~~~~~~~~~~~~~~~~~~~~~^^^^^^^^^^^^^^^^^^^^^^^^^^^^^^^^^^
2025-10-07T05:32:17: UnicodeEncodeError: 'charmap' codec can't encode character '\U0001f680' in position 0: character maps to <undefined>
2025-10-07T05:32:23: Traceback (most recent call last):
2025-10-07T05:32:23:   File "C:\Program Files\fingerPrintSystem\listener.py", line 986, in <module>
2025-10-07T05:32:23:     print(f"\U0001f680 Flask API running on http://{FLASK_HOST}:{FLASK_PORT}")
2025-10-07T05:32:23:     ~~~~~^^^^^^^^^^^^^^^^^^^^^^^^^^^^^^^^^^^^^^^^^^^^^^^^^^^^^^^^^^^^^
2025-10-07T05:32:23:   File "C:\Users\crazy mouse\AppData\Local\Programs\Python\Python313\Lib\encodings\cp1256.py", line 19, in encode
2025-10-07T05:32:23:     return codecs.charmap_encode(input,self.errors,encoding_table)[0]
2025-10-07T05:32:23:            ~~~~~~~~~~~~~~~~~~~~~^^^^^^^^^^^^^^^^^^^^^^^^^^^^^^^^^^
2025-10-07T05:32:23: UnicodeEncodeError: 'charmap' codec can't encode character '\U0001f680' in position 0: character maps to <undefined>
2025-10-07T05:32:28: Traceback (most recent call last):
2025-10-07T05:32:28:   File "C:\Program Files\fingerPrintSystem\listener.py", line 986, in <module>
2025-10-07T05:32:28:     print(f"\U0001f680 Flask API running on http://{FLASK_HOST}:{FLASK_PORT}")
2025-10-07T05:32:28:     ~~~~~^^^^^^^^^^^^^^^^^^^^^^^^^^^^^^^^^^^^^^^^^^^^^^^^^^^^^^^^^^^^^
2025-10-07T05:32:28:   File "C:\Users\crazy mouse\AppData\Local\Programs\Python\Python313\Lib\encodings\cp1256.py", line 19, in encode
2025-10-07T05:32:28:     return codecs.charmap_encode(input,self.errors,encoding_table)[0]
2025-10-07T05:32:28:            ~~~~~~~~~~~~~~~~~~~~~^^^^^^^^^^^^^^^^^^^^^^^^^^^^^^^^^^
2025-10-07T05:32:28: UnicodeEncodeError: 'charmap' codec can't encode character '\U0001f680' in position 0: character maps to <undefined>
